c:\users\kartik rattan\source\repos\gui_project\gui_project\debug\gui_project.pch
c:\users\kartik rattan\source\repos\gui_project\gui_project\debug\vc141.pdb
c:\users\kartik rattan\source\repos\gui_project\gui_project\debug\vc141.idb
c:\users\kartik rattan\source\repos\gui_project\gui_project\debug\stdafx.obj
c:\users\kartik rattan\source\repos\gui_project\gui_project\debug\gui_projectdlg.obj
c:\users\kartik rattan\source\repos\gui_project\gui_project\debug\gui_project.obj
c:\users\kartik rattan\source\repos\gui_project\gui_project\debug\bank_account_gui.obj
c:\users\kartik rattan\source\repos\gui_project\gui_project\debug\account_gui.obj
c:\users\kartik rattan\source\repos\gui_project\debug\gui_project.exe
c:\users\kartik rattan\source\repos\gui_project\debug\gui_project.ilk
c:\users\kartik rattan\source\repos\gui_project\debug\gui_project.pdb
c:\users\kartik rattan\source\repos\gui_project\gui_project\debug\guiproject.res
c:\users\kartik rattan\source\repos\gui_project\gui_project\debug\gui_project.tlog\cl.command.1.tlog
c:\users\kartik rattan\source\repos\gui_project\gui_project\debug\gui_project.tlog\cl.read.1.tlog
c:\users\kartik rattan\source\repos\gui_project\gui_project\debug\gui_project.tlog\cl.write.1.tlog
c:\users\kartik rattan\source\repos\gui_project\gui_project\debug\gui_project.tlog\link.command.1.tlog
c:\users\kartik rattan\source\repos\gui_project\gui_project\debug\gui_project.tlog\link.read.1.tlog
c:\users\kartik rattan\source\repos\gui_project\gui_project\debug\gui_project.tlog\link.write.1.tlog
c:\users\kartik rattan\source\repos\gui_project\gui_project\debug\gui_project.tlog\rc.command.1.tlog
c:\users\kartik rattan\source\repos\gui_project\gui_project\debug\gui_project.tlog\rc.read.1.tlog
c:\users\kartik rattan\source\repos\gui_project\gui_project\debug\gui_project.tlog\rc.write.1.tlog
